<?xml version="1.0" encoding="UTF-8"?>
<coverage generated="1670122978277" clover="3.2.0">
  <project timestamp="1670122978277" name="All files">
    <metrics statements="159" coveredstatements="144" conditionals="12" coveredconditionals="11" methods="46" coveredmethods="34" elements="217" coveredelements="189" complexity="0" loc="159" ncloc="159" packages="4" files="13" classes="13"/>
    <package name="configs">
      <metrics statements="3" coveredstatements="3" conditionals="0" coveredconditionals="0" methods="0" coveredmethods="0"/>
      <file name="auth.config.js" path="D:\Java Script\eCommerce\configs\auth.config.js">
        <metrics statements="1" coveredstatements="1" conditionals="0" coveredconditionals="0" methods="0" coveredmethods="0"/>
        <line num="1" count="1" type="stmt"/>
      </file>
      <file name="db.config.js" path="D:\Java Script\eCommerce\configs\db.config.js">
        <metrics statements="1" coveredstatements="1" conditionals="0" coveredconditionals="0" methods="0" coveredmethods="0"/>
        <line num="5" count="3" type="stmt"/>
      </file>
      <file name="secret.config.js" path="D:\Java Script\eCommerce\configs\secret.config.js">
        <metrics statements="1" coveredstatements="1" conditionals="0" coveredconditionals="0" methods="0" coveredmethods="0"/>
        <line num="1" count="1" type="stmt"/>
      </file>
    </package>
    <package name="controllers">
      <metrics statements="112" coveredstatements="97" conditionals="10" coveredconditionals="10" methods="39" coveredmethods="27"/>
      <file name="auth.controller.js" path="D:\Java Script\eCommerce\controllers\auth.controller.js">
        <metrics statements="40" coveredstatements="40" conditionals="6" coveredconditionals="6" methods="10" coveredmethods="10"/>
        <line num="5" count="1" type="stmt"/>
        <line num="6" count="1" type="stmt"/>
        <line num="7" count="1" type="stmt"/>
        <line num="9" count="1" type="stmt"/>
        <line num="10" count="1" type="stmt"/>
        <line num="12" count="1" type="stmt"/>
        <line num="14" count="1" type="stmt"/>
        <line num="15" count="1" type="stmt"/>
        <line num="21" count="1" type="stmt"/>
        <line num="23" count="3" type="stmt"/>
        <line num="24" count="3" type="stmt"/>
        <line num="25" count="3" type="stmt"/>
        <line num="26" count="3" type="stmt"/>
        <line num="33" count="3" type="stmt"/>
        <line num="34" count="2" type="stmt"/>
        <line num="37" count="2" type="cond" truecount="2" falsecount="0"/>
        <line num="41" count="1" type="stmt"/>
        <line num="50" count="1" type="stmt"/>
        <line num="51" count="1" type="stmt"/>
        <line num="52" count="1" type="stmt"/>
        <line num="74" count="1" type="stmt"/>
        <line num="75" count="1" type="stmt"/>
        <line num="76" count="1" type="stmt"/>
        <line num="82" count="1" type="stmt"/>
        <line num="83" count="1" type="stmt"/>
        <line num="92" count="1" type="stmt"/>
        <line num="95" count="4" type="stmt"/>
        <line num="100" count="3" type="cond" truecount="2" falsecount="0"/>
        <line num="101" count="1" type="stmt"/>
        <line num="104" count="1" type="stmt"/>
        <line num="107" count="2" type="stmt"/>
        <line num="112" count="2" type="cond" truecount="2" falsecount="0"/>
        <line num="113" count="1" type="stmt"/>
        <line num="121" count="2" type="stmt"/>
        <line num="127" count="2" type="stmt"/>
        <line num="128" count="2" type="stmt"/>
        <line num="130" count="2" type="stmt"/>
        <line num="131" count="2" type="stmt"/>
        <line num="133" count="2" type="stmt"/>
        <line num="145" count="1" type="stmt"/>
      </file>
      <file name="cart.controller.js" path="D:\Java Script\eCommerce\controllers\cart.controller.js">
        <metrics statements="36" coveredstatements="35" conditionals="2" coveredconditionals="2" methods="12" coveredmethods="11"/>
        <line num="1" count="1" type="stmt"/>
        <line num="2" count="1" type="stmt"/>
        <line num="3" count="1" type="stmt"/>
        <line num="8" count="1" type="stmt"/>
        <line num="9" count="2" type="stmt"/>
        <line num="15" count="2" type="stmt"/>
        <line num="16" count="1" type="stmt"/>
        <line num="18" count="1" type="stmt"/>
        <line num="29" count="1" type="stmt"/>
        <line num="31" count="2" type="stmt"/>
        <line num="33" count="2" type="stmt"/>
        <line num="37" count="2" type="stmt"/>
        <line num="39" count="2" type="stmt"/>
        <line num="44" count="2" type="cond" truecount="2" falsecount="0"/>
        <line num="45" count="1" type="stmt"/>
        <line num="48" count="1" type="stmt"/>
        <line num="52" count="1" type="stmt"/>
        <line num="53" count="1" type="stmt"/>
        <line num="55" count="1" type="stmt"/>
        <line num="56" count="1" type="stmt"/>
        <line num="57" count="1" type="stmt"/>
        <line num="59" count="1" type="stmt"/>
        <line num="63" count="2" type="stmt"/>
        <line num="69" count="2" type="stmt"/>
        <line num="73" count="1" type="stmt"/>
        <line num="84" count="0" type="stmt"/>
        <line num="98" count="1" type="stmt"/>
        <line num="100" count="1" type="stmt"/>
        <line num="102" count="1" type="stmt"/>
        <line num="103" count="1" type="stmt"/>
        <line num="104" count="1" type="stmt"/>
        <line num="105" count="1" type="stmt"/>
        <line num="107" count="1" type="stmt"/>
        <line num="109" count="2" type="stmt"/>
        <line num="114" count="2" type="stmt"/>
        <line num="118" count="1" type="stmt"/>
      </file>
      <file name="product.controller.js" path="D:\Java Script\eCommerce\controllers\product.controller.js">
        <metrics statements="36" coveredstatements="22" conditionals="2" coveredconditionals="2" methods="17" coveredmethods="6"/>
        <line num="12" count="1" type="stmt"/>
        <line num="13" count="1" type="stmt"/>
        <line num="15" count="1" type="stmt"/>
        <line num="20" count="2" type="stmt"/>
        <line num="26" count="2" type="stmt"/>
        <line num="27" count="0" type="stmt"/>
        <line num="28" count="0" type="stmt"/>
        <line num="30" count="0" type="stmt"/>
        <line num="31" count="0" type="stmt"/>
        <line num="43" count="1" type="stmt"/>
        <line num="54" count="6" type="stmt"/>
        <line num="60" count="6" type="cond" truecount="2" falsecount="0"/>
        <line num="61" count="1" type="stmt"/>
        <line num="67" count="5" type="stmt"/>
        <line num="69" count="6" type="stmt"/>
        <line num="70" count="0" type="stmt"/>
        <line num="72" count="0" type="stmt"/>
        <line num="84" count="1" type="stmt"/>
        <line num="86" count="2" type="stmt"/>
        <line num="88" count="2" type="stmt"/>
        <line num="89" count="2" type="stmt"/>
        <line num="91" count="0" type="stmt"/>
        <line num="101" count="1" type="stmt"/>
        <line num="109" count="3" type="stmt"/>
        <line num="118" count="3" type="stmt"/>
        <line num="124" count="3" type="stmt"/>
        <line num="128" count="0" type="stmt"/>
        <line num="133" count="0" type="stmt"/>
        <line num="134" count="0" type="stmt"/>
        <line num="136" count="0" type="stmt"/>
        <line num="142" count="0" type="stmt"/>
        <line num="152" count="1" type="stmt"/>
        <line num="153" count="2" type="stmt"/>
        <line num="155" count="2" type="stmt"/>
        <line num="160" count="0" type="stmt"/>
        <line num="163" count="0" type="stmt"/>
      </file>
    </package>
    <package name="models">
      <metrics statements="34" coveredstatements="34" conditionals="2" coveredconditionals="1" methods="5" coveredmethods="5"/>
      <file name="cart.model.js" path="D:\Java Script\eCommerce\models\cart.model.js">
        <metrics statements="3" coveredstatements="3" conditionals="0" coveredconditionals="0" methods="1" coveredmethods="1"/>
        <line num="4" count="3" type="stmt"/>
        <line num="5" count="3" type="stmt"/>
        <line num="15" count="3" type="stmt"/>
      </file>
      <file name="category.model.js" path="D:\Java Script\eCommerce\models\category.model.js">
        <metrics statements="3" coveredstatements="3" conditionals="0" coveredconditionals="0" methods="1" coveredmethods="1"/>
        <line num="9" count="3" type="stmt"/>
        <line num="11" count="3" type="stmt"/>
        <line num="38" count="3" type="stmt"/>
      </file>
      <file name="index.js" path="D:\Java Script\eCommerce\models\index.js">
        <metrics statements="19" coveredstatements="19" conditionals="2" coveredconditionals="1" methods="0" coveredmethods="0"/>
        <line num="6" count="3" type="cond" truecount="1" falsecount="1"/>
        <line num="7" count="3" type="stmt"/>
        <line num="8" count="3" type="stmt"/>
        <line num="14" count="3" type="stmt"/>
        <line num="34" count="3" type="stmt"/>
        <line num="36" count="3" type="stmt"/>
        <line num="37" count="3" type="stmt"/>
        <line num="38" count="3" type="stmt"/>
        <line num="39" count="3" type="stmt"/>
        <line num="40" count="3" type="stmt"/>
        <line num="41" count="3" type="stmt"/>
        <line num="42" count="3" type="stmt"/>
        <line num="44" count="3" type="stmt"/>
        <line num="50" count="3" type="stmt"/>
        <line num="61" count="3" type="stmt"/>
        <line num="63" count="3" type="stmt"/>
        <line num="69" count="3" type="stmt"/>
        <line num="78" count="3" type="stmt"/>
        <line num="81" count="3" type="stmt"/>
      </file>
      <file name="product.model.js" path="D:\Java Script\eCommerce\models\product.model.js">
        <metrics statements="3" coveredstatements="3" conditionals="0" coveredconditionals="0" methods="1" coveredmethods="1"/>
        <line num="14" count="3" type="stmt"/>
        <line num="15" count="3" type="stmt"/>
        <line num="33" count="3" type="stmt"/>
      </file>
      <file name="role.model.js" path="D:\Java Script\eCommerce\models\role.model.js">
        <metrics statements="3" coveredstatements="3" conditionals="0" coveredconditionals="0" methods="1" coveredmethods="1"/>
        <line num="1" count="3" type="stmt"/>
        <line num="2" count="3" type="stmt"/>
        <line num="12" count="3" type="stmt"/>
      </file>
      <file name="user.model.js" path="D:\Java Script\eCommerce\models\user.model.js">
        <metrics statements="3" coveredstatements="3" conditionals="0" coveredconditionals="0" methods="1" coveredmethods="1"/>
        <line num="5" count="3" type="stmt"/>
        <line num="6" count="3" type="stmt"/>
        <line num="18" count="3" type="stmt"/>
      </file>
    </package>
    <package name="tests.unit">
      <metrics statements="10" coveredstatements="10" conditionals="0" coveredconditionals="0" methods="2" coveredmethods="2"/>
      <file name="interceptor.js" path="D:\Java Script\eCommerce\tests\unit\interceptor.js">
        <metrics statements="10" coveredstatements="10" conditionals="0" coveredconditionals="0" methods="2" coveredmethods="2"/>
        <line num="9" count="3" type="stmt"/>
        <line num="12" count="29" type="stmt"/>
        <line num="18" count="29" type="stmt"/>
        <line num="19" count="29" type="stmt"/>
        <line num="20" count="29" type="stmt"/>
        <line num="21" count="29" type="stmt"/>
        <line num="29" count="29" type="stmt"/>
        <line num="35" count="29" type="stmt"/>
        <line num="36" count="29" type="stmt"/>
        <line num="37" count="29" type="stmt"/>
      </file>
    </package>
  </project>
</coverage>
