{"D:\\Java Script\\eCommerce\\configs\\auth.config.js": {"path":"D:\\Java Script\\eCommerce\\configs\\auth.config.js","statementMap":{"0":{"start":{"line":1,"column":0},"end":{"line":3,"column":2}}},"fnMap":{},"branchMap":{},"s":{"0":1},"f":{},"b":{},"_coverageSchema":"1a1c01bbd47fc00a2c39e90264f33305004495a9","hash":"8409bed4778007d20cac2f7fa5664fb5994356ba"}
,"D:\\Java Script\\eCommerce\\configs\\db.config.js": {"path":"D:\\Java Script\\eCommerce\\configs\\db.config.js","statementMap":{"0":{"start":{"line":5,"column":0},"end":{"line":33,"column":1}}},"fnMap":{},"branchMap":{},"s":{"0":3},"f":{},"b":{},"_coverageSchema":"1a1c01bbd47fc00a2c39e90264f33305004495a9","hash":"50173dd69779627710a928a7b12ded69492b51f9"}
,"D:\\Java Script\\eCommerce\\configs\\secret.config.js": {"path":"D:\\Java Script\\eCommerce\\configs\\secret.config.js","statementMap":{"0":{"start":{"line":1,"column":0},"end":{"line":3,"column":1}}},"fnMap":{},"branchMap":{},"s":{"0":1},"f":{},"b":{},"_coverageSchema":"1a1c01bbd47fc00a2c39e90264f33305004495a9","hash":"079670d2261669c9c38711fffb77297353bf8f56"}
,"D:\\Java Script\\eCommerce\\controllers\\auth.controller.js": {"path":"D:\\Java Script\\eCommerce\\controllers\\auth.controller.js","statementMap":{"0":{"start":{"line":5,"column":15},"end":{"line":5,"column":34}},"1":{"start":{"line":6,"column":22},"end":{"line":6,"column":42}},"2":{"start":{"line":7,"column":11},"end":{"line":7,"column":31}},"3":{"start":{"line":9,"column":13},"end":{"line":9,"column":20}},"4":{"start":{"line":10,"column":13},"end":{"line":10,"column":20}},"5":{"start":{"line":12,"column":11},"end":{"line":12,"column":26}},"6":{"start":{"line":14,"column":12},"end":{"line":14,"column":35}},"7":{"start":{"line":15,"column":18},"end":{"line":15,"column":53}},"8":{"start":{"line":21,"column":0},"end":{"line":87,"column":1}},"9":{"start":{"line":23,"column":4},"end":{"line":23,"column":35}},"10":{"start":{"line":24,"column":4},"end":{"line":24,"column":26}},"11":{"start":{"line":25,"column":4},"end":{"line":25,"column":30}},"12":{"start":{"line":26,"column":20},"end":{"line":30,"column":5}},"13":{"start":{"line":33,"column":4},"end":{"line":86,"column":6}},"14":{"start":{"line":34,"column":8},"end":{"line":34,"column":35}},"15":{"start":{"line":37,"column":8},"end":{"line":80,"column":9}},"16":{"start":{"line":41,"column":12},"end":{"line":56,"column":14}},"17":{"start":{"line":50,"column":16},"end":{"line":55,"column":18}},"18":{"start":{"line":51,"column":20},"end":{"line":51,"column":60}},"19":{"start":{"line":52,"column":20},"end":{"line":54,"column":22}},"20":{"start":{"line":74,"column":12},"end":{"line":79,"column":14}},"21":{"start":{"line":75,"column":16},"end":{"line":75,"column":56}},"22":{"start":{"line":76,"column":16},"end":{"line":78,"column":18}},"23":{"start":{"line":82,"column":8},"end":{"line":82,"column":61}},"24":{"start":{"line":83,"column":8},"end":{"line":85,"column":10}},"25":{"start":{"line":92,"column":0},"end":{"line":149,"column":1}},"26":{"start":{"line":95,"column":4},"end":{"line":148,"column":6}},"27":{"start":{"line":100,"column":8},"end":{"line":105,"column":9}},"28":{"start":{"line":101,"column":12},"end":{"line":103,"column":14}},"29":{"start":{"line":104,"column":12},"end":{"line":104,"column":19}},"30":{"start":{"line":107,"column":30},"end":{"line":110,"column":9}},"31":{"start":{"line":112,"column":8},"end":{"line":116,"column":9}},"32":{"start":{"line":113,"column":12},"end":{"line":115,"column":14}},"33":{"start":{"line":121,"column":20},"end":{"line":123,"column":10}},"34":{"start":{"line":127,"column":26},"end":{"line":127,"column":28}},"35":{"start":{"line":128,"column":8},"end":{"line":140,"column":10}},"36":{"start":{"line":130,"column":12},"end":{"line":132,"column":13}},"37":{"start":{"line":131,"column":16},"end":{"line":131,"column":72}},"38":{"start":{"line":133,"column":12},"end":{"line":139,"column":14}},"39":{"start":{"line":145,"column":8},"end":{"line":147,"column":10}}},"fnMap":{"0":{"name":"(anonymous_0)","decl":{"start":{"line":21,"column":17},"end":{"line":21,"column":18}},"loc":{"start":{"line":21,"column":31},"end":{"line":87,"column":1}},"line":21},"1":{"name":"(anonymous_1)","decl":{"start":{"line":33,"column":30},"end":{"line":33,"column":31}},"loc":{"start":{"line":33,"column":38},"end":{"line":81,"column":5}},"line":33},"2":{"name":"(anonymous_2)","decl":{"start":{"line":48,"column":20},"end":{"line":48,"column":21}},"loc":{"start":{"line":48,"column":29},"end":{"line":56,"column":13}},"line":48},"3":{"name":"(anonymous_3)","decl":{"start":{"line":50,"column":42},"end":{"line":50,"column":43}},"loc":{"start":{"line":50,"column":48},"end":{"line":55,"column":17}},"line":50},"4":{"name":"(anonymous_4)","decl":{"start":{"line":74,"column":36},"end":{"line":74,"column":37}},"loc":{"start":{"line":74,"column":42},"end":{"line":79,"column":13}},"line":74},"5":{"name":"(anonymous_5)","decl":{"start":{"line":81,"column":13},"end":{"line":81,"column":14}},"loc":{"start":{"line":81,"column":20},"end":{"line":86,"column":5}},"line":81},"6":{"name":"(anonymous_6)","decl":{"start":{"line":92,"column":17},"end":{"line":92,"column":18}},"loc":{"start":{"line":92,"column":31},"end":{"line":149,"column":1}},"line":92},"7":{"name":"(anonymous_7)","decl":{"start":{"line":99,"column":12},"end":{"line":99,"column":13}},"loc":{"start":{"line":99,"column":20},"end":{"line":144,"column":5}},"line":99},"8":{"name":"(anonymous_8)","decl":{"start":{"line":128,"column":29},"end":{"line":128,"column":30}},"loc":{"start":{"line":128,"column":38},"end":{"line":140,"column":9}},"line":128},"9":{"name":"(anonymous_9)","decl":{"start":{"line":144,"column":13},"end":{"line":144,"column":14}},"loc":{"start":{"line":144,"column":20},"end":{"line":148,"column":5}},"line":144}},"branchMap":{"0":{"loc":{"start":{"line":37,"column":8},"end":{"line":80,"column":9}},"type":"if","locations":[{"start":{"line":37,"column":8},"end":{"line":80,"column":9}},{"start":{"line":57,"column":15},"end":{"line":80,"column":9}}],"line":37},"1":{"loc":{"start":{"line":100,"column":8},"end":{"line":105,"column":9}},"type":"if","locations":[{"start":{"line":100,"column":8},"end":{"line":105,"column":9}},{"start":{},"end":{}}],"line":100},"2":{"loc":{"start":{"line":112,"column":8},"end":{"line":116,"column":9}},"type":"if","locations":[{"start":{"line":112,"column":8},"end":{"line":116,"column":9}},{"start":{},"end":{}}],"line":112}},"s":{"0":1,"1":1,"2":1,"3":1,"4":1,"5":1,"6":1,"7":1,"8":1,"9":3,"10":3,"11":3,"12":3,"13":3,"14":2,"15":2,"16":1,"17":1,"18":1,"19":1,"20":1,"21":1,"22":1,"23":1,"24":1,"25":1,"26":4,"27":3,"28":1,"29":1,"30":2,"31":2,"32":1,"33":2,"34":2,"35":2,"36":2,"37":2,"38":2,"39":1},"f":{"0":3,"1":2,"2":1,"3":1,"4":1,"5":1,"6":4,"7":3,"8":2,"9":1},"b":{"0":[1,1],"1":[1,2],"2":[1,1]},"_coverageSchema":"1a1c01bbd47fc00a2c39e90264f33305004495a9","hash":"a76139f2004fb366be79247b4dcecf10c963dcbc"}
,"D:\\Java Script\\eCommerce\\controllers\\cart.controller.js": {"path":"D:\\Java Script\\eCommerce\\controllers\\cart.controller.js","statementMap":{"0":{"start":{"line":1,"column":11},"end":{"line":1,"column":31}},"1":{"start":{"line":2,"column":13},"end":{"line":2,"column":20}},"2":{"start":{"line":3,"column":16},"end":{"line":3,"column":26}},"3":{"start":{"line":8,"column":0},"end":{"line":22,"column":1}},"4":{"start":{"line":9,"column":17},"end":{"line":11,"column":5}},"5":{"start":{"line":15,"column":4},"end":{"line":21,"column":6}},"6":{"start":{"line":16,"column":8},"end":{"line":16,"column":34}},"7":{"start":{"line":18,"column":8},"end":{"line":20,"column":10}},"8":{"start":{"line":29,"column":0},"end":{"line":92,"column":1}},"9":{"start":{"line":31,"column":19},"end":{"line":31,"column":32}},"10":{"start":{"line":33,"column":4},"end":{"line":90,"column":6}},"11":{"start":{"line":37,"column":25},"end":{"line":37,"column":44}},"12":{"start":{"line":39,"column":8},"end":{"line":87,"column":10}},"13":{"start":{"line":44,"column":12},"end":{"line":49,"column":13}},"14":{"start":{"line":45,"column":16},"end":{"line":47,"column":18}},"15":{"start":{"line":48,"column":16},"end":{"line":48,"column":22}},"16":{"start":{"line":52,"column":12},"end":{"line":80,"column":14}},"17":{"start":{"line":53,"column":16},"end":{"line":53,"column":61}},"18":{"start":{"line":55,"column":27},"end":{"line":55,"column":28}},"19":{"start":{"line":56,"column":39},"end":{"line":56,"column":41}},"20":{"start":{"line":57,"column":16},"end":{"line":79,"column":18}},"21":{"start":{"line":59,"column":20},"end":{"line":71,"column":21}},"22":{"start":{"line":59,"column":33},"end":{"line":59,"column":34}},"23":{"start":{"line":63,"column":24},"end":{"line":68,"column":26}},"24":{"start":{"line":69,"column":24},"end":{"line":69,"column":58}},"25":{"start":{"line":73,"column":20},"end":{"line":78,"column":22}},"26":{"start":{"line":84,"column":12},"end":{"line":86,"column":14}},"27":{"start":{"line":98,"column":0},"end":{"line":126,"column":1}},"28":{"start":{"line":100,"column":19},"end":{"line":100,"column":36}},"29":{"start":{"line":102,"column":4},"end":{"line":125,"column":6}},"30":{"start":{"line":103,"column":19},"end":{"line":103,"column":20}},"31":{"start":{"line":104,"column":31},"end":{"line":104,"column":33}},"32":{"start":{"line":105,"column":8},"end":{"line":124,"column":10}},"33":{"start":{"line":107,"column":12},"end":{"line":115,"column":13}},"34":{"start":{"line":107,"column":25},"end":{"line":107,"column":26}},"35":{"start":{"line":109,"column":16},"end":{"line":113,"column":18}},"36":{"start":{"line":114,"column":16},"end":{"line":114,"column":51}},"37":{"start":{"line":118,"column":12},"end":{"line":123,"column":14}}},"fnMap":{"0":{"name":"(anonymous_0)","decl":{"start":{"line":8,"column":17},"end":{"line":8,"column":18}},"loc":{"start":{"line":8,"column":31},"end":{"line":22,"column":1}},"line":8},"1":{"name":"(anonymous_1)","decl":{"start":{"line":15,"column":27},"end":{"line":15,"column":28}},"loc":{"start":{"line":15,"column":35},"end":{"line":17,"column":5}},"line":15},"2":{"name":"(anonymous_2)","decl":{"start":{"line":17,"column":13},"end":{"line":17,"column":14}},"loc":{"start":{"line":17,"column":20},"end":{"line":21,"column":5}},"line":17},"3":{"name":"(anonymous_3)","decl":{"start":{"line":29,"column":17},"end":{"line":29,"column":18}},"loc":{"start":{"line":29,"column":31},"end":{"line":92,"column":1}},"line":29},"4":{"name":"(anonymous_4)","decl":{"start":{"line":33,"column":31},"end":{"line":33,"column":32}},"loc":{"start":{"line":33,"column":39},"end":{"line":90,"column":5}},"line":33},"5":{"name":"(anonymous_5)","decl":{"start":{"line":43,"column":16},"end":{"line":43,"column":17}},"loc":{"start":{"line":43,"column":28},"end":{"line":83,"column":9}},"line":43},"6":{"name":"(anonymous_6)","decl":{"start":{"line":52,"column":44},"end":{"line":52,"column":45}},"loc":{"start":{"line":52,"column":50},"end":{"line":80,"column":13}},"line":52},"7":{"name":"(anonymous_7)","decl":{"start":{"line":57,"column":40},"end":{"line":57,"column":41}},"loc":{"start":{"line":57,"column":56},"end":{"line":79,"column":17}},"line":57},"8":{"name":"(anonymous_8)","decl":{"start":{"line":83,"column":17},"end":{"line":83,"column":18}},"loc":{"start":{"line":83,"column":24},"end":{"line":87,"column":9}},"line":83},"9":{"name":"(anonymous_9)","decl":{"start":{"line":98,"column":18},"end":{"line":98,"column":19}},"loc":{"start":{"line":98,"column":32},"end":{"line":126,"column":1}},"line":98},"10":{"name":"(anonymous_10)","decl":{"start":{"line":102,"column":31},"end":{"line":102,"column":32}},"loc":{"start":{"line":102,"column":39},"end":{"line":125,"column":5}},"line":102},"11":{"name":"(anonymous_11)","decl":{"start":{"line":105,"column":32},"end":{"line":105,"column":33}},"loc":{"start":{"line":105,"column":48},"end":{"line":124,"column":9}},"line":105}},"branchMap":{"0":{"loc":{"start":{"line":44,"column":12},"end":{"line":49,"column":13}},"type":"if","locations":[{"start":{"line":44,"column":12},"end":{"line":49,"column":13}},{"start":{},"end":{}}],"line":44}},"s":{"0":1,"1":1,"2":1,"3":1,"4":2,"5":2,"6":1,"7":1,"8":1,"9":2,"10":2,"11":2,"12":2,"13":2,"14":1,"15":1,"16":1,"17":1,"18":1,"19":1,"20":1,"21":1,"22":1,"23":2,"24":2,"25":1,"26":0,"27":1,"28":1,"29":1,"30":1,"31":1,"32":1,"33":1,"34":1,"35":2,"36":2,"37":1},"f":{"0":2,"1":1,"2":1,"3":2,"4":2,"5":2,"6":1,"7":1,"8":0,"9":1,"10":1,"11":1},"b":{"0":[1,1]},"_coverageSchema":"1a1c01bbd47fc00a2c39e90264f33305004495a9","hash":"ccd62e964d056fc6b9d76c51d26b67c7b529e82d"}
,"D:\\Java Script\\eCommerce\\controllers\\product.controller.js": {"path":"D:\\Java Script\\eCommerce\\controllers\\product.controller.js","statementMap":{"0":{"start":{"line":12,"column":11},"end":{"line":12,"column":31}},"1":{"start":{"line":13,"column":17},"end":{"line":13,"column":28}},"2":{"start":{"line":15,"column":0},"end":{"line":36,"column":1}},"3":{"start":{"line":20,"column":21},"end":{"line":23,"column":5}},"4":{"start":{"line":26,"column":4},"end":{"line":34,"column":6}},"5":{"start":{"line":27,"column":8},"end":{"line":27,"column":81}},"6":{"start":{"line":28,"column":8},"end":{"line":28,"column":39}},"7":{"start":{"line":30,"column":8},"end":{"line":30,"column":113}},"8":{"start":{"line":31,"column":8},"end":{"line":33,"column":10}},"9":{"start":{"line":43,"column":0},"end":{"line":76,"column":1}},"10":{"start":{"line":54,"column":25},"end":{"line":54,"column":39}},"11":{"start":{"line":60,"column":4},"end":{"line":68,"column":5}},"12":{"start":{"line":61,"column":8},"end":{"line":65,"column":10}},"13":{"start":{"line":67,"column":8},"end":{"line":67,"column":36}},"14":{"start":{"line":69,"column":4},"end":{"line":75,"column":6}},"15":{"start":{"line":70,"column":8},"end":{"line":70,"column":40}},"16":{"start":{"line":72,"column":8},"end":{"line":74,"column":10}},"17":{"start":{"line":84,"column":0},"end":{"line":95,"column":1}},"18":{"start":{"line":86,"column":23},"end":{"line":86,"column":38}},"19":{"start":{"line":88,"column":4},"end":{"line":94,"column":6}},"20":{"start":{"line":89,"column":8},"end":{"line":89,"column":41}},"21":{"start":{"line":91,"column":8},"end":{"line":93,"column":10}},"22":{"start":{"line":101,"column":0},"end":{"line":146,"column":1}},"23":{"start":{"line":109,"column":21},"end":{"line":112,"column":5}},"24":{"start":{"line":118,"column":23},"end":{"line":118,"column":36}},"25":{"start":{"line":124,"column":4},"end":{"line":145,"column":6}},"26":{"start":{"line":128,"column":8},"end":{"line":128,"column":36}},"27":{"start":{"line":133,"column":8},"end":{"line":139,"column":10}},"28":{"start":{"line":134,"column":12},"end":{"line":134,"column":45}},"29":{"start":{"line":136,"column":12},"end":{"line":138,"column":14}},"30":{"start":{"line":142,"column":8},"end":{"line":144,"column":10}},"31":{"start":{"line":152,"column":0},"end":{"line":168,"column":1}},"32":{"start":{"line":153,"column":23},"end":{"line":153,"column":36}},"33":{"start":{"line":155,"column":4},"end":{"line":167,"column":6}},"34":{"start":{"line":160,"column":8},"end":{"line":166,"column":10}},"35":{"start":{"line":163,"column":12},"end":{"line":165,"column":14}}},"fnMap":{"0":{"name":"(anonymous_0)","decl":{"start":{"line":15,"column":17},"end":{"line":15,"column":18}},"loc":{"start":{"line":15,"column":31},"end":{"line":36,"column":1}},"line":15},"1":{"name":"(anonymous_1)","decl":{"start":{"line":26,"column":35},"end":{"line":26,"column":36}},"loc":{"start":{"line":26,"column":47},"end":{"line":29,"column":5}},"line":26},"2":{"name":"(anonymous_2)","decl":{"start":{"line":29,"column":13},"end":{"line":29,"column":14}},"loc":{"start":{"line":29,"column":20},"end":{"line":34,"column":5}},"line":29},"3":{"name":"(anonymous_3)","decl":{"start":{"line":43,"column":18},"end":{"line":43,"column":19}},"loc":{"start":{"line":43,"column":32},"end":{"line":76,"column":1}},"line":43},"4":{"name":"(anonymous_4)","decl":{"start":{"line":69,"column":17},"end":{"line":69,"column":18}},"loc":{"start":{"line":69,"column":31},"end":{"line":71,"column":5}},"line":69},"5":{"name":"(anonymous_5)","decl":{"start":{"line":71,"column":13},"end":{"line":71,"column":14}},"loc":{"start":{"line":71,"column":20},"end":{"line":75,"column":5}},"line":71},"6":{"name":"(anonymous_6)","decl":{"start":{"line":84,"column":18},"end":{"line":84,"column":19}},"loc":{"start":{"line":84,"column":32},"end":{"line":95,"column":1}},"line":84},"7":{"name":"(anonymous_7)","decl":{"start":{"line":88,"column":39},"end":{"line":88,"column":40}},"loc":{"start":{"line":88,"column":53},"end":{"line":90,"column":5}},"line":88},"8":{"name":"(anonymous_8)","decl":{"start":{"line":90,"column":13},"end":{"line":90,"column":14}},"loc":{"start":{"line":90,"column":20},"end":{"line":94,"column":5}},"line":90},"9":{"name":"(anonymous_9)","decl":{"start":{"line":101,"column":17},"end":{"line":101,"column":18}},"loc":{"start":{"line":101,"column":31},"end":{"line":146,"column":1}},"line":101},"10":{"name":"(anonymous_10)","decl":{"start":{"line":127,"column":12},"end":{"line":127,"column":13}},"loc":{"start":{"line":127,"column":31},"end":{"line":141,"column":5}},"line":127},"11":{"name":"(anonymous_11)","decl":{"start":{"line":133,"column":43},"end":{"line":133,"column":44}},"loc":{"start":{"line":133,"column":58},"end":{"line":135,"column":9}},"line":133},"12":{"name":"(anonymous_12)","decl":{"start":{"line":135,"column":17},"end":{"line":135,"column":18}},"loc":{"start":{"line":135,"column":24},"end":{"line":139,"column":9}},"line":135},"13":{"name":"(anonymous_13)","decl":{"start":{"line":141,"column":13},"end":{"line":141,"column":14}},"loc":{"start":{"line":141,"column":20},"end":{"line":145,"column":5}},"line":141},"14":{"name":"(anonymous_14)","decl":{"start":{"line":152,"column":17},"end":{"line":152,"column":18}},"loc":{"start":{"line":152,"column":31},"end":{"line":168,"column":1}},"line":152},"15":{"name":"(anonymous_15)","decl":{"start":{"line":159,"column":12},"end":{"line":159,"column":13}},"loc":{"start":{"line":159,"column":22},"end":{"line":167,"column":5}},"line":159},"16":{"name":"(anonymous_16)","decl":{"start":{"line":162,"column":17},"end":{"line":162,"column":18}},"loc":{"start":{"line":162,"column":24},"end":{"line":166,"column":9}},"line":162}},"branchMap":{"0":{"loc":{"start":{"line":60,"column":4},"end":{"line":68,"column":5}},"type":"if","locations":[{"start":{"line":60,"column":4},"end":{"line":68,"column":5}},{"start":{"line":66,"column":11},"end":{"line":68,"column":5}}],"line":60}},"s":{"0":1,"1":1,"2":1,"3":2,"4":2,"5":0,"6":0,"7":0,"8":0,"9":1,"10":6,"11":6,"12":1,"13":5,"14":6,"15":0,"16":0,"17":1,"18":2,"19":2,"20":2,"21":0,"22":1,"23":3,"24":3,"25":3,"26":0,"27":0,"28":0,"29":0,"30":0,"31":1,"32":2,"33":2,"34":0,"35":0},"f":{"0":2,"1":0,"2":0,"3":6,"4":0,"5":0,"6":2,"7":2,"8":0,"9":3,"10":0,"11":0,"12":0,"13":0,"14":2,"15":0,"16":0},"b":{"0":[1,5]},"_coverageSchema":"1a1c01bbd47fc00a2c39e90264f33305004495a9","hash":"eddb85a1a41dea78442200a9974166478c47b1b9"}
,"D:\\Java Script\\eCommerce\\models\\cart.model.js": {"path":"D:\\Java Script\\eCommerce\\models\\cart.model.js","statementMap":{"0":{"start":{"line":4,"column":0},"end":{"line":16,"column":1}},"1":{"start":{"line":5,"column":17},"end":{"line":14,"column":6}},"2":{"start":{"line":15,"column":4},"end":{"line":15,"column":16}}},"fnMap":{"0":{"name":"(anonymous_0)","decl":{"start":{"line":4,"column":17},"end":{"line":4,"column":18}},"loc":{"start":{"line":4,"column":43},"end":{"line":16,"column":1}},"line":4}},"branchMap":{},"s":{"0":3,"1":3,"2":3},"f":{"0":3},"b":{},"_coverageSchema":"1a1c01bbd47fc00a2c39e90264f33305004495a9","hash":"fc259a5f9439da5ace86b14c48be0e920167b906"}
,"D:\\Java Script\\eCommerce\\models\\category.model.js": {"path":"D:\\Java Script\\eCommerce\\models\\category.model.js","statementMap":{"0":{"start":{"line":9,"column":0},"end":{"line":39,"column":1}},"1":{"start":{"line":11,"column":21},"end":{"line":25,"column":6}},"2":{"start":{"line":38,"column":4},"end":{"line":38,"column":20}}},"fnMap":{"0":{"name":"(anonymous_0)","decl":{"start":{"line":9,"column":17},"end":{"line":9,"column":18}},"loc":{"start":{"line":9,"column":43},"end":{"line":39,"column":1}},"line":9}},"branchMap":{},"s":{"0":3,"1":3,"2":3},"f":{"0":3},"b":{},"_coverageSchema":"1a1c01bbd47fc00a2c39e90264f33305004495a9","hash":"283f800927235bb112fc01f626c10b320e2a2e00"}
,"D:\\Java Script\\eCommerce\\models\\index.js": {"path":"D:\\Java Script\\eCommerce\\models\\index.js","statementMap":{"0":{"start":{"line":6,"column":12},"end":{"line":6,"column":49}},"1":{"start":{"line":7,"column":18},"end":{"line":7,"column":38}},"2":{"start":{"line":8,"column":15},"end":{"line":8,"column":54}},"3":{"start":{"line":14,"column":18},"end":{"line":29,"column":1}},"4":{"start":{"line":34,"column":9},"end":{"line":34,"column":11}},"5":{"start":{"line":36,"column":0},"end":{"line":36,"column":25}},"6":{"start":{"line":37,"column":0},"end":{"line":37,"column":25}},"7":{"start":{"line":38,"column":0},"end":{"line":38,"column":63}},"8":{"start":{"line":39,"column":0},"end":{"line":39,"column":61}},"9":{"start":{"line":40,"column":0},"end":{"line":40,"column":55}},"10":{"start":{"line":41,"column":0},"end":{"line":41,"column":55}},"11":{"start":{"line":42,"column":0},"end":{"line":42,"column":55}},"12":{"start":{"line":44,"column":0},"end":{"line":48,"column":2}},"13":{"start":{"line":50,"column":0},"end":{"line":54,"column":2}},"14":{"start":{"line":61,"column":0},"end":{"line":61,"column":25}},"15":{"start":{"line":63,"column":0},"end":{"line":67,"column":2}},"16":{"start":{"line":69,"column":0},"end":{"line":73,"column":2}},"17":{"start":{"line":78,"column":0},"end":{"line":78,"column":33}},"18":{"start":{"line":81,"column":0},"end":{"line":81,"column":20}}},"fnMap":{},"branchMap":{"0":{"loc":{"start":{"line":6,"column":12},"end":{"line":6,"column":49}},"type":"binary-expr","locations":[{"start":{"line":6,"column":12},"end":{"line":6,"column":32}},{"start":{"line":6,"column":36},"end":{"line":6,"column":49}}],"line":6}},"s":{"0":3,"1":3,"2":3,"3":3,"4":3,"5":3,"6":3,"7":3,"8":3,"9":3,"10":3,"11":3,"12":3,"13":3,"14":3,"15":3,"16":3,"17":3,"18":3},"f":{},"b":{"0":[3,0]},"_coverageSchema":"1a1c01bbd47fc00a2c39e90264f33305004495a9","hash":"5a1478273356085a1dcf43b506f69b2a24edca91"}
,"D:\\Java Script\\eCommerce\\models\\product.model.js": {"path":"D:\\Java Script\\eCommerce\\models\\product.model.js","statementMap":{"0":{"start":{"line":14,"column":0},"end":{"line":34,"column":1}},"1":{"start":{"line":15,"column":20},"end":{"line":32,"column":6}},"2":{"start":{"line":33,"column":4},"end":{"line":33,"column":18}}},"fnMap":{"0":{"name":"(anonymous_0)","decl":{"start":{"line":14,"column":17},"end":{"line":14,"column":18}},"loc":{"start":{"line":14,"column":43},"end":{"line":34,"column":1}},"line":14}},"branchMap":{},"s":{"0":3,"1":3,"2":3},"f":{"0":3},"b":{},"_coverageSchema":"1a1c01bbd47fc00a2c39e90264f33305004495a9","hash":"56cfeb5ca88a1e12129cc3706ae1fa2b3d4e9638"}
,"D:\\Java Script\\eCommerce\\models\\role.model.js": {"path":"D:\\Java Script\\eCommerce\\models\\role.model.js","statementMap":{"0":{"start":{"line":1,"column":0},"end":{"line":13,"column":1}},"1":{"start":{"line":2,"column":17},"end":{"line":11,"column":6}},"2":{"start":{"line":12,"column":4},"end":{"line":12,"column":16}}},"fnMap":{"0":{"name":"(anonymous_0)","decl":{"start":{"line":1,"column":17},"end":{"line":1,"column":18}},"loc":{"start":{"line":1,"column":42},"end":{"line":13,"column":1}},"line":1}},"branchMap":{},"s":{"0":3,"1":3,"2":3},"f":{"0":3},"b":{},"_coverageSchema":"1a1c01bbd47fc00a2c39e90264f33305004495a9","hash":"a704096ddda100733766961301b58d4699e9b17b"}
,"D:\\Java Script\\eCommerce\\models\\user.model.js": {"path":"D:\\Java Script\\eCommerce\\models\\user.model.js","statementMap":{"0":{"start":{"line":5,"column":0},"end":{"line":19,"column":1}},"1":{"start":{"line":6,"column":17},"end":{"line":17,"column":6}},"2":{"start":{"line":18,"column":4},"end":{"line":18,"column":16}}},"fnMap":{"0":{"name":"(anonymous_0)","decl":{"start":{"line":5,"column":17},"end":{"line":5,"column":18}},"loc":{"start":{"line":5,"column":43},"end":{"line":19,"column":1}},"line":5}},"branchMap":{},"s":{"0":3,"1":3,"2":3},"f":{"0":3},"b":{},"_coverageSchema":"1a1c01bbd47fc00a2c39e90264f33305004495a9","hash":"d3282fc7abf62bfc5ad00b10d5ca7f5ceaf41203"}
,"D:\\Java Script\\eCommerce\\tests\\unit\\interceptor.js": {"path":"D:\\Java Script\\eCommerce\\tests\\unit\\interceptor.js","statementMap":{"0":{"start":{"line":9,"column":0},"end":{"line":39,"column":1}},"1":{"start":{"line":12,"column":20},"end":{"line":12,"column":22}},"2":{"start":{"line":18,"column":8},"end":{"line":18,"column":49}},"3":{"start":{"line":19,"column":8},"end":{"line":19,"column":51}},"4":{"start":{"line":20,"column":8},"end":{"line":20,"column":50}},"5":{"start":{"line":21,"column":8},"end":{"line":21,"column":19}},"6":{"start":{"line":29,"column":20},"end":{"line":29,"column":22}},"7":{"start":{"line":35,"column":8},"end":{"line":35,"column":51}},"8":{"start":{"line":36,"column":8},"end":{"line":36,"column":49}},"9":{"start":{"line":37,"column":8},"end":{"line":37,"column":19}}},"fnMap":{"0":{"name":"(anonymous_0)","decl":{"start":{"line":11,"column":17},"end":{"line":11,"column":18}},"loc":{"start":{"line":11,"column":23},"end":{"line":22,"column":5}},"line":11},"1":{"name":"(anonymous_1)","decl":{"start":{"line":28,"column":18},"end":{"line":28,"column":19}},"loc":{"start":{"line":28,"column":24},"end":{"line":38,"column":5}},"line":28}},"branchMap":{},"s":{"0":3,"1":29,"2":29,"3":29,"4":29,"5":29,"6":29,"7":29,"8":29,"9":29},"f":{"0":29,"1":29},"b":{},"_coverageSchema":"1a1c01bbd47fc00a2c39e90264f33305004495a9","hash":"8dfd4855d356cb3cd0699bf9c9811c600420df69"}
}
