TN:
SF:configs\auth.config.js
FNF:0
FNH:0
DA:1,1
LF:1
LH:1
BRF:0
BRH:0
end_of_record
TN:
SF:configs\db.config.js
FNF:0
FNH:0
DA:5,3
LF:1
LH:1
BRF:0
BRH:0
end_of_record
TN:
SF:configs\secret.config.js
FNF:0
FNH:0
DA:1,1
LF:1
LH:1
BRF:0
BRH:0
end_of_record
TN:
SF:controllers\auth.controller.js
FN:21,(anonymous_0)
FN:33,(anonymous_1)
FN:48,(anonymous_2)
FN:50,(anonymous_3)
FN:74,(anonymous_4)
FN:81,(anonymous_5)
FN:92,(anonymous_6)
FN:99,(anonymous_7)
FN:128,(anonymous_8)
FN:144,(anonymous_9)
FNF:10
FNH:10
FNDA:3,(anonymous_0)
FNDA:2,(anonymous_1)
FNDA:1,(anonymous_2)
FNDA:1,(anonymous_3)
FNDA:1,(anonymous_4)
FNDA:1,(anonymous_5)
FNDA:4,(anonymous_6)
FNDA:3,(anonymous_7)
FNDA:2,(anonymous_8)
FNDA:1,(anonymous_9)
DA:5,1
DA:6,1
DA:7,1
DA:9,1
DA:10,1
DA:12,1
DA:14,1
DA:15,1
DA:21,1
DA:23,3
DA:24,3
DA:25,3
DA:26,3
DA:33,3
DA:34,2
DA:37,2
DA:41,1
DA:50,1
DA:51,1
DA:52,1
DA:74,1
DA:75,1
DA:76,1
DA:82,1
DA:83,1
DA:92,1
DA:95,4
DA:100,3
DA:101,1
DA:104,1
DA:107,2
DA:112,2
DA:113,1
DA:121,2
DA:127,2
DA:128,2
DA:130,2
DA:131,2
DA:133,2
DA:145,1
LF:40
LH:40
BRDA:37,0,0,1
BRDA:37,0,1,1
BRDA:100,1,0,1
BRDA:100,1,1,2
BRDA:112,2,0,1
BRDA:112,2,1,1
BRF:6
BRH:6
end_of_record
TN:
SF:controllers\cart.controller.js
FN:8,(anonymous_0)
FN:15,(anonymous_1)
FN:17,(anonymous_2)
FN:29,(anonymous_3)
FN:33,(anonymous_4)
FN:43,(anonymous_5)
FN:52,(anonymous_6)
FN:57,(anonymous_7)
FN:83,(anonymous_8)
FN:98,(anonymous_9)
FN:102,(anonymous_10)
FN:105,(anonymous_11)
FNF:12
FNH:11
FNDA:2,(anonymous_0)
FNDA:1,(anonymous_1)
FNDA:1,(anonymous_2)
FNDA:2,(anonymous_3)
FNDA:2,(anonymous_4)
FNDA:2,(anonymous_5)
FNDA:1,(anonymous_6)
FNDA:1,(anonymous_7)
FNDA:0,(anonymous_8)
FNDA:1,(anonymous_9)
FNDA:1,(anonymous_10)
FNDA:1,(anonymous_11)
DA:1,1
DA:2,1
DA:3,1
DA:8,1
DA:9,2
DA:15,2
DA:16,1
DA:18,1
DA:29,1
DA:31,2
DA:33,2
DA:37,2
DA:39,2
DA:44,2
DA:45,1
DA:48,1
DA:52,1
DA:53,1
DA:55,1
DA:56,1
DA:57,1
DA:59,1
DA:63,2
DA:69,2
DA:73,1
DA:84,0
DA:98,1
DA:100,1
DA:102,1
DA:103,1
DA:104,1
DA:105,1
DA:107,1
DA:109,2
DA:114,2
DA:118,1
LF:36
LH:35
BRDA:44,0,0,1
BRDA:44,0,1,1
BRF:2
BRH:2
end_of_record
TN:
SF:controllers\product.controller.js
FN:15,(anonymous_0)
FN:26,(anonymous_1)
FN:29,(anonymous_2)
FN:43,(anonymous_3)
FN:69,(anonymous_4)
FN:71,(anonymous_5)
FN:84,(anonymous_6)
FN:88,(anonymous_7)
FN:90,(anonymous_8)
FN:101,(anonymous_9)
FN:127,(anonymous_10)
FN:133,(anonymous_11)
FN:135,(anonymous_12)
FN:141,(anonymous_13)
FN:152,(anonymous_14)
FN:159,(anonymous_15)
FN:162,(anonymous_16)
FNF:17
FNH:6
FNDA:2,(anonymous_0)
FNDA:0,(anonymous_1)
FNDA:0,(anonymous_2)
FNDA:6,(anonymous_3)
FNDA:0,(anonymous_4)
FNDA:0,(anonymous_5)
FNDA:2,(anonymous_6)
FNDA:2,(anonymous_7)
FNDA:0,(anonymous_8)
FNDA:3,(anonymous_9)
FNDA:0,(anonymous_10)
FNDA:0,(anonymous_11)
FNDA:0,(anonymous_12)
FNDA:0,(anonymous_13)
FNDA:2,(anonymous_14)
FNDA:0,(anonymous_15)
FNDA:0,(anonymous_16)
DA:12,1
DA:13,1
DA:15,1
DA:20,2
DA:26,2
DA:27,0
DA:28,0
DA:30,0
DA:31,0
DA:43,1
DA:54,6
DA:60,6
DA:61,1
DA:67,5
DA:69,6
DA:70,0
DA:72,0
DA:84,1
DA:86,2
DA:88,2
DA:89,2
DA:91,0
DA:101,1
DA:109,3
DA:118,3
DA:124,3
DA:128,0
DA:133,0
DA:134,0
DA:136,0
DA:142,0
DA:152,1
DA:153,2
DA:155,2
DA:160,0
DA:163,0
LF:36
LH:22
BRDA:60,0,0,1
BRDA:60,0,1,5
BRF:2
BRH:2
end_of_record
TN:
SF:models\cart.model.js
FN:4,(anonymous_0)
FNF:1
FNH:1
FNDA:3,(anonymous_0)
DA:4,3
DA:5,3
DA:15,3
LF:3
LH:3
BRF:0
BRH:0
end_of_record
TN:
SF:models\category.model.js
FN:9,(anonymous_0)
FNF:1
FNH:1
FNDA:3,(anonymous_0)
DA:9,3
DA:11,3
DA:38,3
LF:3
LH:3
BRF:0
BRH:0
end_of_record
TN:
SF:models\index.js
FNF:0
FNH:0
DA:6,3
DA:7,3
DA:8,3
DA:14,3
DA:34,3
DA:36,3
DA:37,3
DA:38,3
DA:39,3
DA:40,3
DA:41,3
DA:42,3
DA:44,3
DA:50,3
DA:61,3
DA:63,3
DA:69,3
DA:78,3
DA:81,3
LF:19
LH:19
BRDA:6,0,0,3
BRDA:6,0,1,0
BRF:2
BRH:1
end_of_record
TN:
SF:models\product.model.js
FN:14,(anonymous_0)
FNF:1
FNH:1
FNDA:3,(anonymous_0)
DA:14,3
DA:15,3
DA:33,3
LF:3
LH:3
BRF:0
BRH:0
end_of_record
TN:
SF:models\role.model.js
FN:1,(anonymous_0)
FNF:1
FNH:1
FNDA:3,(anonymous_0)
DA:1,3
DA:2,3
DA:12,3
LF:3
LH:3
BRF:0
BRH:0
end_of_record
TN:
SF:models\user.model.js
FN:5,(anonymous_0)
FNF:1
FNH:1
FNDA:3,(anonymous_0)
DA:5,3
DA:6,3
DA:18,3
LF:3
LH:3
BRF:0
BRH:0
end_of_record
TN:
SF:tests\unit\interceptor.js
FN:11,(anonymous_0)
FN:28,(anonymous_1)
FNF:2
FNH:2
FNDA:29,(anonymous_0)
FNDA:29,(anonymous_1)
DA:9,3
DA:12,29
DA:18,29
DA:19,29
DA:20,29
DA:21,29
DA:29,29
DA:35,29
DA:36,29
DA:37,29
LF:10
LH:10
BRF:0
BRH:0
end_of_record
